INFO:__main__:--------------------------------------------------------------------------------
INFO:__main__:Problem Name : travelling_salesman_problem
INFO:__main__:Approach Name : dp
INFO:__main__:Serial Executable : /home/201501031/TSP_DP/all_codes/201501024-201501031-travelling_salesman_problem-dp/ser
INFO:__main__:Parallel Executable : /home/201501031/TSP_DP/all_codes/201501024-201501031-travelling_salesman_problem-dp/parr
INFO:__main__:Number of runs : 5
INFO:__main__:Log Directory : /home/201501031/TSP_DP/all_codes/201501024-201501031-travelling_salesman_problem-dp/logs/
INFO:__main__:Output Directory : /home/201501031/TSP_DP/all_codes/201501024-201501031-travelling_salesman_problem-dp/output/
INFO:__main__:Input Directory : /home/201501031/TSP_DP/all_input/
INFO:__main__:Started running the serial code for run_id = 0
INFO:__main__:Running the Command : /home/201501031/TSP_DP/all_codes/201501024-201501031-travelling_salesman_problem-dp/ser 9 0 < ../../TC9.txt >> /home/201501031/TSP_DP/all_codes/201501024-201501031-travelling_salesman_problem-dp/logs/travelling_salesman_problem_dp.logs
INFO:__main__:Running the Command : /home/201501031/TSP_DP/all_codes/201501024-201501031-travelling_salesman_problem-dp/ser 10 0 < ../../TC10.txt >> /home/201501031/TSP_DP/all_codes/201501024-201501031-travelling_salesman_problem-dp/logs/travelling_salesman_problem_dp.logs
INFO:__main__:Running the Command : /home/201501031/TSP_DP/all_codes/201501024-201501031-travelling_salesman_problem-dp/ser 11 0 < ../../TC11.txt >> /home/201501031/TSP_DP/all_codes/201501024-201501031-travelling_salesman_problem-dp/logs/travelling_salesman_problem_dp.logs
INFO:__main__:Running the Command : /home/201501031/TSP_DP/all_codes/201501024-201501031-travelling_salesman_problem-dp/ser 12 0 < ../../TC12.txt >> /home/201501031/TSP_DP/all_codes/201501024-201501031-travelling_salesman_problem-dp/logs/travelling_salesman_problem_dp.logs
INFO:__main__:Running the Command : /home/201501031/TSP_DP/all_codes/201501024-201501031-travelling_salesman_problem-dp/ser 13 0 < ../../TC13.txt >> /home/201501031/TSP_DP/all_codes/201501024-201501031-travelling_salesman_problem-dp/logs/travelling_salesman_problem_dp.logs
INFO:__main__:Running the parallel code with 1 processors
INFO:__main__:Running the Command : /home/201501031/TSP_DP/all_codes/201501024-201501031-travelling_salesman_problem-dp/parr 9 1 /home/201501031/TSP_DP/all_input/travelling_salesman_problem_9_input.txt >> /home/201501031/TSP_DP/all_codes/201501024-201501031-travelling_salesman_problem-dp/logs/travelling_salesman_problem_dp.logs
INFO:__main__:Running the Command : /home/201501031/TSP_DP/all_codes/201501024-201501031-travelling_salesman_problem-dp/parr 10 1 /home/201501031/TSP_DP/all_input/travelling_salesman_problem_10_input.txt >> /home/201501031/TSP_DP/all_codes/201501024-201501031-travelling_salesman_problem-dp/logs/travelling_salesman_problem_dp.logs
INFO:__main__:Running the Command : /home/201501031/TSP_DP/all_codes/201501024-201501031-travelling_salesman_problem-dp/parr 11 1 /home/201501031/TSP_DP/all_input/travelling_salesman_problem_11_input.txt >> /home/201501031/TSP_DP/all_codes/201501024-201501031-travelling_salesman_problem-dp/logs/travelling_salesman_problem_dp.logs
INFO:__main__:Running the Command : /home/201501031/TSP_DP/all_codes/201501024-201501031-travelling_salesman_problem-dp/parr 12 1 /home/201501031/TSP_DP/all_input/travelling_salesman_problem_12_input.txt >> /home/201501031/TSP_DP/all_codes/201501024-201501031-travelling_salesman_problem-dp/logs/travelling_salesman_problem_dp.logs
INFO:__main__:Running the Command : /home/201501031/TSP_DP/all_codes/201501024-201501031-travelling_salesman_problem-dp/parr 13 1 /home/201501031/TSP_DP/all_input/travelling_salesman_problem_13_input.txt >> /home/201501031/TSP_DP/all_codes/201501024-201501031-travelling_salesman_problem-dp/logs/travelling_salesman_problem_dp.logs
INFO:__main__:Running the parallel code with 2 processors
INFO:__main__:Running the Command : /home/201501031/TSP_DP/all_codes/201501024-201501031-travelling_salesman_problem-dp/parr 9 2 /home/201501031/TSP_DP/all_input/travelling_salesman_problem_9_input.txt >> /home/201501031/TSP_DP/all_codes/201501024-201501031-travelling_salesman_problem-dp/logs/travelling_salesman_problem_dp.logs
INFO:__main__:Running the Command : /home/201501031/TSP_DP/all_codes/201501024-201501031-travelling_salesman_problem-dp/parr 10 2 /home/201501031/TSP_DP/all_input/travelling_salesman_problem_10_input.txt >> /home/201501031/TSP_DP/all_codes/201501024-201501031-travelling_salesman_problem-dp/logs/travelling_salesman_problem_dp.logs
INFO:__main__:Running the Command : /home/201501031/TSP_DP/all_codes/201501024-201501031-travelling_salesman_problem-dp/parr 11 2 /home/201501031/TSP_DP/all_input/travelling_salesman_problem_11_input.txt >> /home/201501031/TSP_DP/all_codes/201501024-201501031-travelling_salesman_problem-dp/logs/travelling_salesman_problem_dp.logs
INFO:__main__:Running the Command : /home/201501031/TSP_DP/all_codes/201501024-201501031-travelling_salesman_problem-dp/parr 12 2 /home/201501031/TSP_DP/all_input/travelling_salesman_problem_12_input.txt >> /home/201501031/TSP_DP/all_codes/201501024-201501031-travelling_salesman_problem-dp/logs/travelling_salesman_problem_dp.logs
INFO:__main__:Running the Command : /home/201501031/TSP_DP/all_codes/201501024-201501031-travelling_salesman_problem-dp/parr 13 2 /home/201501031/TSP_DP/all_input/travelling_salesman_problem_13_input.txt >> /home/201501031/TSP_DP/all_codes/201501024-201501031-travelling_salesman_problem-dp/logs/travelling_salesman_problem_dp.logs
INFO:__main__:Running the parallel code with 3 processors
INFO:__main__:Running the Command : /home/201501031/TSP_DP/all_codes/201501024-201501031-travelling_salesman_problem-dp/parr 9 3 /home/201501031/TSP_DP/all_input/travelling_salesman_problem_9_input.txt >> /home/201501031/TSP_DP/all_codes/201501024-201501031-travelling_salesman_problem-dp/logs/travelling_salesman_problem_dp.logs
INFO:__main__:Running the Command : /home/201501031/TSP_DP/all_codes/201501024-201501031-travelling_salesman_problem-dp/parr 10 3 /home/201501031/TSP_DP/all_input/travelling_salesman_problem_10_input.txt >> /home/201501031/TSP_DP/all_codes/201501024-201501031-travelling_salesman_problem-dp/logs/travelling_salesman_problem_dp.logs
INFO:__main__:Running the Command : /home/201501031/TSP_DP/all_codes/201501024-201501031-travelling_salesman_problem-dp/parr 11 3 /home/201501031/TSP_DP/all_input/travelling_salesman_problem_11_input.txt >> /home/201501031/TSP_DP/all_codes/201501024-201501031-travelling_salesman_problem-dp/logs/travelling_salesman_problem_dp.logs
INFO:__main__:Running the Command : /home/201501031/TSP_DP/all_codes/201501024-201501031-travelling_salesman_problem-dp/parr 12 3 /home/201501031/TSP_DP/all_input/travelling_salesman_problem_12_input.txt >> /home/201501031/TSP_DP/all_codes/201501024-201501031-travelling_salesman_problem-dp/logs/travelling_salesman_problem_dp.logs
INFO:__main__:Running the Command : /home/201501031/TSP_DP/all_codes/201501024-201501031-travelling_salesman_problem-dp/parr 13 3 /home/201501031/TSP_DP/all_input/travelling_salesman_problem_13_input.txt >> /home/201501031/TSP_DP/all_codes/201501024-201501031-travelling_salesman_problem-dp/logs/travelling_salesman_problem_dp.logs
INFO:__main__:Running the parallel code with 4 processors
INFO:__main__:Running the Command : /home/201501031/TSP_DP/all_codes/201501024-201501031-travelling_salesman_problem-dp/parr 9 4 /home/201501031/TSP_DP/all_input/travelling_salesman_problem_9_input.txt >> /home/201501031/TSP_DP/all_codes/201501024-201501031-travelling_salesman_problem-dp/logs/travelling_salesman_problem_dp.logs
INFO:__main__:Running the Command : /home/201501031/TSP_DP/all_codes/201501024-201501031-travelling_salesman_problem-dp/parr 10 4 /home/201501031/TSP_DP/all_input/travelling_salesman_problem_10_input.txt >> /home/201501031/TSP_DP/all_codes/201501024-201501031-travelling_salesman_problem-dp/logs/travelling_salesman_problem_dp.logs
INFO:__main__:Running the Command : /home/201501031/TSP_DP/all_codes/201501024-201501031-travelling_salesman_problem-dp/parr 11 4 /home/201501031/TSP_DP/all_input/travelling_salesman_problem_11_input.txt >> /home/201501031/TSP_DP/all_codes/201501024-201501031-travelling_salesman_problem-dp/logs/travelling_salesman_problem_dp.logs
INFO:__main__:Running the Command : /home/201501031/TSP_DP/all_codes/201501024-201501031-travelling_salesman_problem-dp/parr 12 4 /home/201501031/TSP_DP/all_input/travelling_salesman_problem_12_input.txt >> /home/201501031/TSP_DP/all_codes/201501024-201501031-travelling_salesman_problem-dp/logs/travelling_salesman_problem_dp.logs
INFO:__main__:Running the Command : /home/201501031/TSP_DP/all_codes/201501024-201501031-travelling_salesman_problem-dp/parr 13 4 /home/201501031/TSP_DP/all_input/travelling_salesman_problem_13_input.txt >> /home/201501031/TSP_DP/all_codes/201501024-201501031-travelling_salesman_problem-dp/logs/travelling_salesman_problem_dp.logs
INFO:__main__:Running the parallel code with 5 processors
INFO:__main__:Running the Command : /home/201501031/TSP_DP/all_codes/201501024-201501031-travelling_salesman_problem-dp/parr 9 5 /home/201501031/TSP_DP/all_input/travelling_salesman_problem_9_input.txt >> /home/201501031/TSP_DP/all_codes/201501024-201501031-travelling_salesman_problem-dp/logs/travelling_salesman_problem_dp.logs
INFO:__main__:Running the Command : /home/201501031/TSP_DP/all_codes/201501024-201501031-travelling_salesman_problem-dp/parr 10 5 /home/201501031/TSP_DP/all_input/travelling_salesman_problem_10_input.txt >> /home/201501031/TSP_DP/all_codes/201501024-201501031-travelling_salesman_problem-dp/logs/travelling_salesman_problem_dp.logs
INFO:__main__:Running the Command : /home/201501031/TSP_DP/all_codes/201501024-201501031-travelling_salesman_problem-dp/parr 11 5 /home/201501031/TSP_DP/all_input/travelling_salesman_problem_11_input.txt >> /home/201501031/TSP_DP/all_codes/201501024-201501031-travelling_salesman_problem-dp/logs/travelling_salesman_problem_dp.logs
INFO:__main__:Running the Command : /home/201501031/TSP_DP/all_codes/201501024-201501031-travelling_salesman_problem-dp/parr 12 5 /home/201501031/TSP_DP/all_input/travelling_salesman_problem_12_input.txt >> /home/201501031/TSP_DP/all_codes/201501024-201501031-travelling_salesman_problem-dp/logs/travelling_salesman_problem_dp.logs
INFO:__main__:Running the Command : /home/201501031/TSP_DP/all_codes/201501024-201501031-travelling_salesman_problem-dp/parr 13 5 /home/201501031/TSP_DP/all_input/travelling_salesman_problem_13_input.txt >> /home/201501031/TSP_DP/all_codes/201501024-201501031-travelling_salesman_problem-dp/logs/travelling_salesman_problem_dp.logs
INFO:__main__:Running the parallel code with 6 processors
INFO:__main__:Running the Command : /home/201501031/TSP_DP/all_codes/201501024-201501031-travelling_salesman_problem-dp/parr 9 6 /home/201501031/TSP_DP/all_input/travelling_salesman_problem_9_input.txt >> /home/201501031/TSP_DP/all_codes/201501024-201501031-travelling_salesman_problem-dp/logs/travelling_salesman_problem_dp.logs
INFO:__main__:Running the Command : /home/201501031/TSP_DP/all_codes/201501024-201501031-travelling_salesman_problem-dp/parr 10 6 /home/201501031/TSP_DP/all_input/travelling_salesman_problem_10_input.txt >> /home/201501031/TSP_DP/all_codes/201501024-201501031-travelling_salesman_problem-dp/logs/travelling_salesman_problem_dp.logs
INFO:__main__:Running the Command : /home/201501031/TSP_DP/all_codes/201501024-201501031-travelling_salesman_problem-dp/parr 11 6 /home/201501031/TSP_DP/all_input/travelling_salesman_problem_11_input.txt >> /home/201501031/TSP_DP/all_codes/201501024-201501031-travelling_salesman_problem-dp/logs/travelling_salesman_problem_dp.logs
INFO:__main__:Running the Command : /home/201501031/TSP_DP/all_codes/201501024-201501031-travelling_salesman_problem-dp/parr 12 6 /home/201501031/TSP_DP/all_input/travelling_salesman_problem_12_input.txt >> /home/201501031/TSP_DP/all_codes/201501024-201501031-travelling_salesman_problem-dp/logs/travelling_salesman_problem_dp.logs
INFO:__main__:Running the Command : /home/201501031/TSP_DP/all_codes/201501024-201501031-travelling_salesman_problem-dp/parr 13 6 /home/201501031/TSP_DP/all_input/travelling_salesman_problem_13_input.txt >> /home/201501031/TSP_DP/all_codes/201501024-201501031-travelling_salesman_problem-dp/logs/travelling_salesman_problem_dp.logs
INFO:__main__:Running the parallel code with 7 processors
INFO:__main__:Running the Command : /home/201501031/TSP_DP/all_codes/201501024-201501031-travelling_salesman_problem-dp/parr 9 7 /home/201501031/TSP_DP/all_input/travelling_salesman_problem_9_input.txt >> /home/201501031/TSP_DP/all_codes/201501024-201501031-travelling_salesman_problem-dp/logs/travelling_salesman_problem_dp.logs
INFO:__main__:Running the Command : /home/201501031/TSP_DP/all_codes/201501024-201501031-travelling_salesman_problem-dp/parr 10 7 /home/201501031/TSP_DP/all_input/travelling_salesman_problem_10_input.txt >> /home/201501031/TSP_DP/all_codes/201501024-201501031-travelling_salesman_problem-dp/logs/travelling_salesman_problem_dp.logs
INFO:__main__:Running the Command : /home/201501031/TSP_DP/all_codes/201501024-201501031-travelling_salesman_problem-dp/parr 11 7 /home/201501031/TSP_DP/all_input/travelling_salesman_problem_11_input.txt >> /home/201501031/TSP_DP/all_codes/201501024-201501031-travelling_salesman_problem-dp/logs/travelling_salesman_problem_dp.logs
INFO:__main__:Running the Command : /home/201501031/TSP_DP/all_codes/201501024-201501031-travelling_salesman_problem-dp/parr 12 7 /home/201501031/TSP_DP/all_input/travelling_salesman_problem_12_input.txt >> /home/201501031/TSP_DP/all_codes/201501024-201501031-travelling_salesman_problem-dp/logs/travelling_salesman_problem_dp.logs
INFO:__main__:Running the Command : /home/201501031/TSP_DP/all_codes/201501024-201501031-travelling_salesman_problem-dp/parr 13 7 /home/201501031/TSP_DP/all_input/travelling_salesman_problem_13_input.txt >> /home/201501031/TSP_DP/all_codes/201501024-201501031-travelling_salesman_problem-dp/logs/travelling_salesman_problem_dp.logs
INFO:__main__:Running the parallel code with 8 processors
INFO:__main__:Running the Command : /home/201501031/TSP_DP/all_codes/201501024-201501031-travelling_salesman_problem-dp/parr 9 8 /home/201501031/TSP_DP/all_input/travelling_salesman_problem_9_input.txt >> /home/201501031/TSP_DP/all_codes/201501024-201501031-travelling_salesman_problem-dp/logs/travelling_salesman_problem_dp.logs
INFO:__main__:Running the Command : /home/201501031/TSP_DP/all_codes/201501024-201501031-travelling_salesman_problem-dp/parr 10 8 /home/201501031/TSP_DP/all_input/travelling_salesman_problem_10_input.txt >> /home/201501031/TSP_DP/all_codes/201501024-201501031-travelling_salesman_problem-dp/logs/travelling_salesman_problem_dp.logs
INFO:__main__:Running the Command : /home/201501031/TSP_DP/all_codes/201501024-201501031-travelling_salesman_problem-dp/parr 11 8 /home/201501031/TSP_DP/all_input/travelling_salesman_problem_11_input.txt >> /home/201501031/TSP_DP/all_codes/201501024-201501031-travelling_salesman_problem-dp/logs/travelling_salesman_problem_dp.logs
INFO:__main__:Running the Command : /home/201501031/TSP_DP/all_codes/201501024-201501031-travelling_salesman_problem-dp/parr 12 8 /home/201501031/TSP_DP/all_input/travelling_salesman_problem_12_input.txt >> /home/201501031/TSP_DP/all_codes/201501024-201501031-travelling_salesman_problem-dp/logs/travelling_salesman_problem_dp.logs
INFO:__main__:Running the Command : /home/201501031/TSP_DP/all_codes/201501024-201501031-travelling_salesman_problem-dp/parr 13 8 /home/201501031/TSP_DP/all_input/travelling_salesman_problem_13_input.txt >> /home/201501031/TSP_DP/all_codes/201501024-201501031-travelling_salesman_problem-dp/logs/travelling_salesman_problem_dp.logs
INFO:__main__:Started running the serial code for run_id = 1
INFO:__main__:Running the Command : /home/201501031/TSP_DP/all_codes/201501024-201501031-travelling_salesman_problem-dp/ser 9 0 < ../../TC9.txt >> /home/201501031/TSP_DP/all_codes/201501024-201501031-travelling_salesman_problem-dp/logs/travelling_salesman_problem_dp.logs
INFO:__main__:Running the Command : /home/201501031/TSP_DP/all_codes/201501024-201501031-travelling_salesman_problem-dp/ser 10 0 < ../../TC10.txt >> /home/201501031/TSP_DP/all_codes/201501024-201501031-travelling_salesman_problem-dp/logs/travelling_salesman_problem_dp.logs
INFO:__main__:Running the Command : /home/201501031/TSP_DP/all_codes/201501024-201501031-travelling_salesman_problem-dp/ser 11 0 < ../../TC11.txt >> /home/201501031/TSP_DP/all_codes/201501024-201501031-travelling_salesman_problem-dp/logs/travelling_salesman_problem_dp.logs
INFO:__main__:Running the Command : /home/201501031/TSP_DP/all_codes/201501024-201501031-travelling_salesman_problem-dp/ser 12 0 < ../../TC12.txt >> /home/201501031/TSP_DP/all_codes/201501024-201501031-travelling_salesman_problem-dp/logs/travelling_salesman_problem_dp.logs
INFO:__main__:Running the Command : /home/201501031/TSP_DP/all_codes/201501024-201501031-travelling_salesman_problem-dp/ser 13 0 < ../../TC13.txt >> /home/201501031/TSP_DP/all_codes/201501024-201501031-travelling_salesman_problem-dp/logs/travelling_salesman_problem_dp.logs
INFO:__main__:Running the parallel code with 1 processors
INFO:__main__:Running the Command : /home/201501031/TSP_DP/all_codes/201501024-201501031-travelling_salesman_problem-dp/parr 9 1 /home/201501031/TSP_DP/all_input/travelling_salesman_problem_9_input.txt >> /home/201501031/TSP_DP/all_codes/201501024-201501031-travelling_salesman_problem-dp/logs/travelling_salesman_problem_dp.logs
INFO:__main__:Running the Command : /home/201501031/TSP_DP/all_codes/201501024-201501031-travelling_salesman_problem-dp/parr 10 1 /home/201501031/TSP_DP/all_input/travelling_salesman_problem_10_input.txt >> /home/201501031/TSP_DP/all_codes/201501024-201501031-travelling_salesman_problem-dp/logs/travelling_salesman_problem_dp.logs
INFO:__main__:Running the Command : /home/201501031/TSP_DP/all_codes/201501024-201501031-travelling_salesman_problem-dp/parr 11 1 /home/201501031/TSP_DP/all_input/travelling_salesman_problem_11_input.txt >> /home/201501031/TSP_DP/all_codes/201501024-201501031-travelling_salesman_problem-dp/logs/travelling_salesman_problem_dp.logs
INFO:__main__:Running the Command : /home/201501031/TSP_DP/all_codes/201501024-201501031-travelling_salesman_problem-dp/parr 12 1 /home/201501031/TSP_DP/all_input/travelling_salesman_problem_12_input.txt >> /home/201501031/TSP_DP/all_codes/201501024-201501031-travelling_salesman_problem-dp/logs/travelling_salesman_problem_dp.logs
INFO:__main__:Running the Command : /home/201501031/TSP_DP/all_codes/201501024-201501031-travelling_salesman_problem-dp/parr 13 1 /home/201501031/TSP_DP/all_input/travelling_salesman_problem_13_input.txt >> /home/201501031/TSP_DP/all_codes/201501024-201501031-travelling_salesman_problem-dp/logs/travelling_salesman_problem_dp.logs
INFO:__main__:Running the parallel code with 2 processors
INFO:__main__:Running the Command : /home/201501031/TSP_DP/all_codes/201501024-201501031-travelling_salesman_problem-dp/parr 9 2 /home/201501031/TSP_DP/all_input/travelling_salesman_problem_9_input.txt >> /home/201501031/TSP_DP/all_codes/201501024-201501031-travelling_salesman_problem-dp/logs/travelling_salesman_problem_dp.logs
INFO:__main__:Running the Command : /home/201501031/TSP_DP/all_codes/201501024-201501031-travelling_salesman_problem-dp/parr 10 2 /home/201501031/TSP_DP/all_input/travelling_salesman_problem_10_input.txt >> /home/201501031/TSP_DP/all_codes/201501024-201501031-travelling_salesman_problem-dp/logs/travelling_salesman_problem_dp.logs
INFO:__main__:Running the Command : /home/201501031/TSP_DP/all_codes/201501024-201501031-travelling_salesman_problem-dp/parr 11 2 /home/201501031/TSP_DP/all_input/travelling_salesman_problem_11_input.txt >> /home/201501031/TSP_DP/all_codes/201501024-201501031-travelling_salesman_problem-dp/logs/travelling_salesman_problem_dp.logs
INFO:__main__:Running the Command : /home/201501031/TSP_DP/all_codes/201501024-201501031-travelling_salesman_problem-dp/parr 12 2 /home/201501031/TSP_DP/all_input/travelling_salesman_problem_12_input.txt >> /home/201501031/TSP_DP/all_codes/201501024-201501031-travelling_salesman_problem-dp/logs/travelling_salesman_problem_dp.logs
INFO:__main__:Running the Command : /home/201501031/TSP_DP/all_codes/201501024-201501031-travelling_salesman_problem-dp/parr 13 2 /home/201501031/TSP_DP/all_input/travelling_salesman_problem_13_input.txt >> /home/201501031/TSP_DP/all_codes/201501024-201501031-travelling_salesman_problem-dp/logs/travelling_salesman_problem_dp.logs
INFO:__main__:Running the parallel code with 3 processors
INFO:__main__:Running the Command : /home/201501031/TSP_DP/all_codes/201501024-201501031-travelling_salesman_problem-dp/parr 9 3 /home/201501031/TSP_DP/all_input/travelling_salesman_problem_9_input.txt >> /home/201501031/TSP_DP/all_codes/201501024-201501031-travelling_salesman_problem-dp/logs/travelling_salesman_problem_dp.logs
INFO:__main__:Running the Command : /home/201501031/TSP_DP/all_codes/201501024-201501031-travelling_salesman_problem-dp/parr 10 3 /home/201501031/TSP_DP/all_input/travelling_salesman_problem_10_input.txt >> /home/201501031/TSP_DP/all_codes/201501024-201501031-travelling_salesman_problem-dp/logs/travelling_salesman_problem_dp.logs
INFO:__main__:Running the Command : /home/201501031/TSP_DP/all_codes/201501024-201501031-travelling_salesman_problem-dp/parr 11 3 /home/201501031/TSP_DP/all_input/travelling_salesman_problem_11_input.txt >> /home/201501031/TSP_DP/all_codes/201501024-201501031-travelling_salesman_problem-dp/logs/travelling_salesman_problem_dp.logs
INFO:__main__:Running the Command : /home/201501031/TSP_DP/all_codes/201501024-201501031-travelling_salesman_problem-dp/parr 12 3 /home/201501031/TSP_DP/all_input/travelling_salesman_problem_12_input.txt >> /home/201501031/TSP_DP/all_codes/201501024-201501031-travelling_salesman_problem-dp/logs/travelling_salesman_problem_dp.logs
INFO:__main__:Running the Command : /home/201501031/TSP_DP/all_codes/201501024-201501031-travelling_salesman_problem-dp/parr 13 3 /home/201501031/TSP_DP/all_input/travelling_salesman_problem_13_input.txt >> /home/201501031/TSP_DP/all_codes/201501024-201501031-travelling_salesman_problem-dp/logs/travelling_salesman_problem_dp.logs
INFO:__main__:Running the parallel code with 4 processors
INFO:__main__:Running the Command : /home/201501031/TSP_DP/all_codes/201501024-201501031-travelling_salesman_problem-dp/parr 9 4 /home/201501031/TSP_DP/all_input/travelling_salesman_problem_9_input.txt >> /home/201501031/TSP_DP/all_codes/201501024-201501031-travelling_salesman_problem-dp/logs/travelling_salesman_problem_dp.logs
INFO:__main__:Running the Command : /home/201501031/TSP_DP/all_codes/201501024-201501031-travelling_salesman_problem-dp/parr 10 4 /home/201501031/TSP_DP/all_input/travelling_salesman_problem_10_input.txt >> /home/201501031/TSP_DP/all_codes/201501024-201501031-travelling_salesman_problem-dp/logs/travelling_salesman_problem_dp.logs
INFO:__main__:Running the Command : /home/201501031/TSP_DP/all_codes/201501024-201501031-travelling_salesman_problem-dp/parr 11 4 /home/201501031/TSP_DP/all_input/travelling_salesman_problem_11_input.txt >> /home/201501031/TSP_DP/all_codes/201501024-201501031-travelling_salesman_problem-dp/logs/travelling_salesman_problem_dp.logs
INFO:__main__:Running the Command : /home/201501031/TSP_DP/all_codes/201501024-201501031-travelling_salesman_problem-dp/parr 12 4 /home/201501031/TSP_DP/all_input/travelling_salesman_problem_12_input.txt >> /home/201501031/TSP_DP/all_codes/201501024-201501031-travelling_salesman_problem-dp/logs/travelling_salesman_problem_dp.logs
INFO:__main__:Running the Command : /home/201501031/TSP_DP/all_codes/201501024-201501031-travelling_salesman_problem-dp/parr 13 4 /home/201501031/TSP_DP/all_input/travelling_salesman_problem_13_input.txt >> /home/201501031/TSP_DP/all_codes/201501024-201501031-travelling_salesman_problem-dp/logs/travelling_salesman_problem_dp.logs
INFO:__main__:Running the parallel code with 5 processors
INFO:__main__:Running the Command : /home/201501031/TSP_DP/all_codes/201501024-201501031-travelling_salesman_problem-dp/parr 9 5 /home/201501031/TSP_DP/all_input/travelling_salesman_problem_9_input.txt >> /home/201501031/TSP_DP/all_codes/201501024-201501031-travelling_salesman_problem-dp/logs/travelling_salesman_problem_dp.logs
INFO:__main__:Running the Command : /home/201501031/TSP_DP/all_codes/201501024-201501031-travelling_salesman_problem-dp/parr 10 5 /home/201501031/TSP_DP/all_input/travelling_salesman_problem_10_input.txt >> /home/201501031/TSP_DP/all_codes/201501024-201501031-travelling_salesman_problem-dp/logs/travelling_salesman_problem_dp.logs
INFO:__main__:Running the Command : /home/201501031/TSP_DP/all_codes/201501024-201501031-travelling_salesman_problem-dp/parr 11 5 /home/201501031/TSP_DP/all_input/travelling_salesman_problem_11_input.txt >> /home/201501031/TSP_DP/all_codes/201501024-201501031-travelling_salesman_problem-dp/logs/travelling_salesman_problem_dp.logs
INFO:__main__:Running the Command : /home/201501031/TSP_DP/all_codes/201501024-201501031-travelling_salesman_problem-dp/parr 12 5 /home/201501031/TSP_DP/all_input/travelling_salesman_problem_12_input.txt >> /home/201501031/TSP_DP/all_codes/201501024-201501031-travelling_salesman_problem-dp/logs/travelling_salesman_problem_dp.logs
INFO:__main__:Running the Command : /home/201501031/TSP_DP/all_codes/201501024-201501031-travelling_salesman_problem-dp/parr 13 5 /home/201501031/TSP_DP/all_input/travelling_salesman_problem_13_input.txt >> /home/201501031/TSP_DP/all_codes/201501024-201501031-travelling_salesman_problem-dp/logs/travelling_salesman_problem_dp.logs
INFO:__main__:Running the parallel code with 6 processors
INFO:__main__:Running the Command : /home/201501031/TSP_DP/all_codes/201501024-201501031-travelling_salesman_problem-dp/parr 9 6 /home/201501031/TSP_DP/all_input/travelling_salesman_problem_9_input.txt >> /home/201501031/TSP_DP/all_codes/201501024-201501031-travelling_salesman_problem-dp/logs/travelling_salesman_problem_dp.logs
INFO:__main__:Running the Command : /home/201501031/TSP_DP/all_codes/201501024-201501031-travelling_salesman_problem-dp/parr 10 6 /home/201501031/TSP_DP/all_input/travelling_salesman_problem_10_input.txt >> /home/201501031/TSP_DP/all_codes/201501024-201501031-travelling_salesman_problem-dp/logs/travelling_salesman_problem_dp.logs
INFO:__main__:Running the Command : /home/201501031/TSP_DP/all_codes/201501024-201501031-travelling_salesman_problem-dp/parr 11 6 /home/201501031/TSP_DP/all_input/travelling_salesman_problem_11_input.txt >> /home/201501031/TSP_DP/all_codes/201501024-201501031-travelling_salesman_problem-dp/logs/travelling_salesman_problem_dp.logs
INFO:__main__:Running the Command : /home/201501031/TSP_DP/all_codes/201501024-201501031-travelling_salesman_problem-dp/parr 12 6 /home/201501031/TSP_DP/all_input/travelling_salesman_problem_12_input.txt >> /home/201501031/TSP_DP/all_codes/201501024-201501031-travelling_salesman_problem-dp/logs/travelling_salesman_problem_dp.logs
INFO:__main__:Running the Command : /home/201501031/TSP_DP/all_codes/201501024-201501031-travelling_salesman_problem-dp/parr 13 6 /home/201501031/TSP_DP/all_input/travelling_salesman_problem_13_input.txt >> /home/201501031/TSP_DP/all_codes/201501024-201501031-travelling_salesman_problem-dp/logs/travelling_salesman_problem_dp.logs
INFO:__main__:Running the parallel code with 7 processors
INFO:__main__:Running the Command : /home/201501031/TSP_DP/all_codes/201501024-201501031-travelling_salesman_problem-dp/parr 9 7 /home/201501031/TSP_DP/all_input/travelling_salesman_problem_9_input.txt >> /home/201501031/TSP_DP/all_codes/201501024-201501031-travelling_salesman_problem-dp/logs/travelling_salesman_problem_dp.logs
INFO:__main__:Running the Command : /home/201501031/TSP_DP/all_codes/201501024-201501031-travelling_salesman_problem-dp/parr 10 7 /home/201501031/TSP_DP/all_input/travelling_salesman_problem_10_input.txt >> /home/201501031/TSP_DP/all_codes/201501024-201501031-travelling_salesman_problem-dp/logs/travelling_salesman_problem_dp.logs
INFO:__main__:Running the Command : /home/201501031/TSP_DP/all_codes/201501024-201501031-travelling_salesman_problem-dp/parr 11 7 /home/201501031/TSP_DP/all_input/travelling_salesman_problem_11_input.txt >> /home/201501031/TSP_DP/all_codes/201501024-201501031-travelling_salesman_problem-dp/logs/travelling_salesman_problem_dp.logs
INFO:__main__:Running the Command : /home/201501031/TSP_DP/all_codes/201501024-201501031-travelling_salesman_problem-dp/parr 12 7 /home/201501031/TSP_DP/all_input/travelling_salesman_problem_12_input.txt >> /home/201501031/TSP_DP/all_codes/201501024-201501031-travelling_salesman_problem-dp/logs/travelling_salesman_problem_dp.logs
INFO:__main__:Running the Command : /home/201501031/TSP_DP/all_codes/201501024-201501031-travelling_salesman_problem-dp/parr 13 7 /home/201501031/TSP_DP/all_input/travelling_salesman_problem_13_input.txt >> /home/201501031/TSP_DP/all_codes/201501024-201501031-travelling_salesman_problem-dp/logs/travelling_salesman_problem_dp.logs
INFO:__main__:Running the parallel code with 8 processors
INFO:__main__:Running the Command : /home/201501031/TSP_DP/all_codes/201501024-201501031-travelling_salesman_problem-dp/parr 9 8 /home/201501031/TSP_DP/all_input/travelling_salesman_problem_9_input.txt >> /home/201501031/TSP_DP/all_codes/201501024-201501031-travelling_salesman_problem-dp/logs/travelling_salesman_problem_dp.logs
INFO:__main__:Running the Command : /home/201501031/TSP_DP/all_codes/201501024-201501031-travelling_salesman_problem-dp/parr 10 8 /home/201501031/TSP_DP/all_input/travelling_salesman_problem_10_input.txt >> /home/201501031/TSP_DP/all_codes/201501024-201501031-travelling_salesman_problem-dp/logs/travelling_salesman_problem_dp.logs
INFO:__main__:Running the Command : /home/201501031/TSP_DP/all_codes/201501024-201501031-travelling_salesman_problem-dp/parr 11 8 /home/201501031/TSP_DP/all_input/travelling_salesman_problem_11_input.txt >> /home/201501031/TSP_DP/all_codes/201501024-201501031-travelling_salesman_problem-dp/logs/travelling_salesman_problem_dp.logs
INFO:__main__:Running the Command : /home/201501031/TSP_DP/all_codes/201501024-201501031-travelling_salesman_problem-dp/parr 12 8 /home/201501031/TSP_DP/all_input/travelling_salesman_problem_12_input.txt >> /home/201501031/TSP_DP/all_codes/201501024-201501031-travelling_salesman_problem-dp/logs/travelling_salesman_problem_dp.logs
INFO:__main__:Running the Command : /home/201501031/TSP_DP/all_codes/201501024-201501031-travelling_salesman_problem-dp/parr 13 8 /home/201501031/TSP_DP/all_input/travelling_salesman_problem_13_input.txt >> /home/201501031/TSP_DP/all_codes/201501024-201501031-travelling_salesman_problem-dp/logs/travelling_salesman_problem_dp.logs
INFO:__main__:Started running the serial code for run_id = 2
INFO:__main__:Running the Command : /home/201501031/TSP_DP/all_codes/201501024-201501031-travelling_salesman_problem-dp/ser 9 0 < ../../TC9.txt >> /home/201501031/TSP_DP/all_codes/201501024-201501031-travelling_salesman_problem-dp/logs/travelling_salesman_problem_dp.logs
INFO:__main__:Running the Command : /home/201501031/TSP_DP/all_codes/201501024-201501031-travelling_salesman_problem-dp/ser 10 0 < ../../TC10.txt >> /home/201501031/TSP_DP/all_codes/201501024-201501031-travelling_salesman_problem-dp/logs/travelling_salesman_problem_dp.logs
INFO:__main__:Running the Command : /home/201501031/TSP_DP/all_codes/201501024-201501031-travelling_salesman_problem-dp/ser 11 0 < ../../TC11.txt >> /home/201501031/TSP_DP/all_codes/201501024-201501031-travelling_salesman_problem-dp/logs/travelling_salesman_problem_dp.logs
INFO:__main__:Running the Command : /home/201501031/TSP_DP/all_codes/201501024-201501031-travelling_salesman_problem-dp/ser 12 0 < ../../TC12.txt >> /home/201501031/TSP_DP/all_codes/201501024-201501031-travelling_salesman_problem-dp/logs/travelling_salesman_problem_dp.logs
INFO:__main__:Running the Command : /home/201501031/TSP_DP/all_codes/201501024-201501031-travelling_salesman_problem-dp/ser 13 0 < ../../TC13.txt >> /home/201501031/TSP_DP/all_codes/201501024-201501031-travelling_salesman_problem-dp/logs/travelling_salesman_problem_dp.logs
INFO:__main__:Running the parallel code with 1 processors
INFO:__main__:Running the Command : /home/201501031/TSP_DP/all_codes/201501024-201501031-travelling_salesman_problem-dp/parr 9 1 /home/201501031/TSP_DP/all_input/travelling_salesman_problem_9_input.txt >> /home/201501031/TSP_DP/all_codes/201501024-201501031-travelling_salesman_problem-dp/logs/travelling_salesman_problem_dp.logs
INFO:__main__:Running the Command : /home/201501031/TSP_DP/all_codes/201501024-201501031-travelling_salesman_problem-dp/parr 10 1 /home/201501031/TSP_DP/all_input/travelling_salesman_problem_10_input.txt >> /home/201501031/TSP_DP/all_codes/201501024-201501031-travelling_salesman_problem-dp/logs/travelling_salesman_problem_dp.logs
INFO:__main__:Running the Command : /home/201501031/TSP_DP/all_codes/201501024-201501031-travelling_salesman_problem-dp/parr 11 1 /home/201501031/TSP_DP/all_input/travelling_salesman_problem_11_input.txt >> /home/201501031/TSP_DP/all_codes/201501024-201501031-travelling_salesman_problem-dp/logs/travelling_salesman_problem_dp.logs
INFO:__main__:Running the Command : /home/201501031/TSP_DP/all_codes/201501024-201501031-travelling_salesman_problem-dp/parr 12 1 /home/201501031/TSP_DP/all_input/travelling_salesman_problem_12_input.txt >> /home/201501031/TSP_DP/all_codes/201501024-201501031-travelling_salesman_problem-dp/logs/travelling_salesman_problem_dp.logs
INFO:__main__:Running the Command : /home/201501031/TSP_DP/all_codes/201501024-201501031-travelling_salesman_problem-dp/parr 13 1 /home/201501031/TSP_DP/all_input/travelling_salesman_problem_13_input.txt >> /home/201501031/TSP_DP/all_codes/201501024-201501031-travelling_salesman_problem-dp/logs/travelling_salesman_problem_dp.logs
INFO:__main__:Running the parallel code with 2 processors
INFO:__main__:Running the Command : /home/201501031/TSP_DP/all_codes/201501024-201501031-travelling_salesman_problem-dp/parr 9 2 /home/201501031/TSP_DP/all_input/travelling_salesman_problem_9_input.txt >> /home/201501031/TSP_DP/all_codes/201501024-201501031-travelling_salesman_problem-dp/logs/travelling_salesman_problem_dp.logs
INFO:__main__:Running the Command : /home/201501031/TSP_DP/all_codes/201501024-201501031-travelling_salesman_problem-dp/parr 10 2 /home/201501031/TSP_DP/all_input/travelling_salesman_problem_10_input.txt >> /home/201501031/TSP_DP/all_codes/201501024-201501031-travelling_salesman_problem-dp/logs/travelling_salesman_problem_dp.logs
INFO:__main__:Running the Command : /home/201501031/TSP_DP/all_codes/201501024-201501031-travelling_salesman_problem-dp/parr 11 2 /home/201501031/TSP_DP/all_input/travelling_salesman_problem_11_input.txt >> /home/201501031/TSP_DP/all_codes/201501024-201501031-travelling_salesman_problem-dp/logs/travelling_salesman_problem_dp.logs
INFO:__main__:Running the Command : /home/201501031/TSP_DP/all_codes/201501024-201501031-travelling_salesman_problem-dp/parr 12 2 /home/201501031/TSP_DP/all_input/travelling_salesman_problem_12_input.txt >> /home/201501031/TSP_DP/all_codes/201501024-201501031-travelling_salesman_problem-dp/logs/travelling_salesman_problem_dp.logs
INFO:__main__:Running the Command : /home/201501031/TSP_DP/all_codes/201501024-201501031-travelling_salesman_problem-dp/parr 13 2 /home/201501031/TSP_DP/all_input/travelling_salesman_problem_13_input.txt >> /home/201501031/TSP_DP/all_codes/201501024-201501031-travelling_salesman_problem-dp/logs/travelling_salesman_problem_dp.logs
INFO:__main__:Running the parallel code with 3 processors
INFO:__main__:Running the Command : /home/201501031/TSP_DP/all_codes/201501024-201501031-travelling_salesman_problem-dp/parr 9 3 /home/201501031/TSP_DP/all_input/travelling_salesman_problem_9_input.txt >> /home/201501031/TSP_DP/all_codes/201501024-201501031-travelling_salesman_problem-dp/logs/travelling_salesman_problem_dp.logs
INFO:__main__:Running the Command : /home/201501031/TSP_DP/all_codes/201501024-201501031-travelling_salesman_problem-dp/parr 10 3 /home/201501031/TSP_DP/all_input/travelling_salesman_problem_10_input.txt >> /home/201501031/TSP_DP/all_codes/201501024-201501031-travelling_salesman_problem-dp/logs/travelling_salesman_problem_dp.logs
INFO:__main__:Running the Command : /home/201501031/TSP_DP/all_codes/201501024-201501031-travelling_salesman_problem-dp/parr 11 3 /home/201501031/TSP_DP/all_input/travelling_salesman_problem_11_input.txt >> /home/201501031/TSP_DP/all_codes/201501024-201501031-travelling_salesman_problem-dp/logs/travelling_salesman_problem_dp.logs
INFO:__main__:Running the Command : /home/201501031/TSP_DP/all_codes/201501024-201501031-travelling_salesman_problem-dp/parr 12 3 /home/201501031/TSP_DP/all_input/travelling_salesman_problem_12_input.txt >> /home/201501031/TSP_DP/all_codes/201501024-201501031-travelling_salesman_problem-dp/logs/travelling_salesman_problem_dp.logs
INFO:__main__:Running the Command : /home/201501031/TSP_DP/all_codes/201501024-201501031-travelling_salesman_problem-dp/parr 13 3 /home/201501031/TSP_DP/all_input/travelling_salesman_problem_13_input.txt >> /home/201501031/TSP_DP/all_codes/201501024-201501031-travelling_salesman_problem-dp/logs/travelling_salesman_problem_dp.logs
INFO:__main__:Running the parallel code with 4 processors
INFO:__main__:Running the Command : /home/201501031/TSP_DP/all_codes/201501024-201501031-travelling_salesman_problem-dp/parr 9 4 /home/201501031/TSP_DP/all_input/travelling_salesman_problem_9_input.txt >> /home/201501031/TSP_DP/all_codes/201501024-201501031-travelling_salesman_problem-dp/logs/travelling_salesman_problem_dp.logs
INFO:__main__:Running the Command : /home/201501031/TSP_DP/all_codes/201501024-201501031-travelling_salesman_problem-dp/parr 10 4 /home/201501031/TSP_DP/all_input/travelling_salesman_problem_10_input.txt >> /home/201501031/TSP_DP/all_codes/201501024-201501031-travelling_salesman_problem-dp/logs/travelling_salesman_problem_dp.logs
INFO:__main__:Running the Command : /home/201501031/TSP_DP/all_codes/201501024-201501031-travelling_salesman_problem-dp/parr 11 4 /home/201501031/TSP_DP/all_input/travelling_salesman_problem_11_input.txt >> /home/201501031/TSP_DP/all_codes/201501024-201501031-travelling_salesman_problem-dp/logs/travelling_salesman_problem_dp.logs
INFO:__main__:Running the Command : /home/201501031/TSP_DP/all_codes/201501024-201501031-travelling_salesman_problem-dp/parr 12 4 /home/201501031/TSP_DP/all_input/travelling_salesman_problem_12_input.txt >> /home/201501031/TSP_DP/all_codes/201501024-201501031-travelling_salesman_problem-dp/logs/travelling_salesman_problem_dp.logs
INFO:__main__:Running the Command : /home/201501031/TSP_DP/all_codes/201501024-201501031-travelling_salesman_problem-dp/parr 13 4 /home/201501031/TSP_DP/all_input/travelling_salesman_problem_13_input.txt >> /home/201501031/TSP_DP/all_codes/201501024-201501031-travelling_salesman_problem-dp/logs/travelling_salesman_problem_dp.logs
INFO:__main__:Running the parallel code with 5 processors
INFO:__main__:Running the Command : /home/201501031/TSP_DP/all_codes/201501024-201501031-travelling_salesman_problem-dp/parr 9 5 /home/201501031/TSP_DP/all_input/travelling_salesman_problem_9_input.txt >> /home/201501031/TSP_DP/all_codes/201501024-201501031-travelling_salesman_problem-dp/logs/travelling_salesman_problem_dp.logs
INFO:__main__:Running the Command : /home/201501031/TSP_DP/all_codes/201501024-201501031-travelling_salesman_problem-dp/parr 10 5 /home/201501031/TSP_DP/all_input/travelling_salesman_problem_10_input.txt >> /home/201501031/TSP_DP/all_codes/201501024-201501031-travelling_salesman_problem-dp/logs/travelling_salesman_problem_dp.logs
INFO:__main__:Running the Command : /home/201501031/TSP_DP/all_codes/201501024-201501031-travelling_salesman_problem-dp/parr 11 5 /home/201501031/TSP_DP/all_input/travelling_salesman_problem_11_input.txt >> /home/201501031/TSP_DP/all_codes/201501024-201501031-travelling_salesman_problem-dp/logs/travelling_salesman_problem_dp.logs
INFO:__main__:Running the Command : /home/201501031/TSP_DP/all_codes/201501024-201501031-travelling_salesman_problem-dp/parr 12 5 /home/201501031/TSP_DP/all_input/travelling_salesman_problem_12_input.txt >> /home/201501031/TSP_DP/all_codes/201501024-201501031-travelling_salesman_problem-dp/logs/travelling_salesman_problem_dp.logs
INFO:__main__:Running the Command : /home/201501031/TSP_DP/all_codes/201501024-201501031-travelling_salesman_problem-dp/parr 13 5 /home/201501031/TSP_DP/all_input/travelling_salesman_problem_13_input.txt >> /home/201501031/TSP_DP/all_codes/201501024-201501031-travelling_salesman_problem-dp/logs/travelling_salesman_problem_dp.logs
INFO:__main__:Running the parallel code with 6 processors
INFO:__main__:Running the Command : /home/201501031/TSP_DP/all_codes/201501024-201501031-travelling_salesman_problem-dp/parr 9 6 /home/201501031/TSP_DP/all_input/travelling_salesman_problem_9_input.txt >> /home/201501031/TSP_DP/all_codes/201501024-201501031-travelling_salesman_problem-dp/logs/travelling_salesman_problem_dp.logs
INFO:__main__:Running the Command : /home/201501031/TSP_DP/all_codes/201501024-201501031-travelling_salesman_problem-dp/parr 10 6 /home/201501031/TSP_DP/all_input/travelling_salesman_problem_10_input.txt >> /home/201501031/TSP_DP/all_codes/201501024-201501031-travelling_salesman_problem-dp/logs/travelling_salesman_problem_dp.logs
INFO:__main__:Running the Command : /home/201501031/TSP_DP/all_codes/201501024-201501031-travelling_salesman_problem-dp/parr 11 6 /home/201501031/TSP_DP/all_input/travelling_salesman_problem_11_input.txt >> /home/201501031/TSP_DP/all_codes/201501024-201501031-travelling_salesman_problem-dp/logs/travelling_salesman_problem_dp.logs
INFO:__main__:Running the Command : /home/201501031/TSP_DP/all_codes/201501024-201501031-travelling_salesman_problem-dp/parr 12 6 /home/201501031/TSP_DP/all_input/travelling_salesman_problem_12_input.txt >> /home/201501031/TSP_DP/all_codes/201501024-201501031-travelling_salesman_problem-dp/logs/travelling_salesman_problem_dp.logs
INFO:__main__:Running the Command : /home/201501031/TSP_DP/all_codes/201501024-201501031-travelling_salesman_problem-dp/parr 13 6 /home/201501031/TSP_DP/all_input/travelling_salesman_problem_13_input.txt >> /home/201501031/TSP_DP/all_codes/201501024-201501031-travelling_salesman_problem-dp/logs/travelling_salesman_problem_dp.logs
INFO:__main__:Running the parallel code with 7 processors
INFO:__main__:Running the Command : /home/201501031/TSP_DP/all_codes/201501024-201501031-travelling_salesman_problem-dp/parr 9 7 /home/201501031/TSP_DP/all_input/travelling_salesman_problem_9_input.txt >> /home/201501031/TSP_DP/all_codes/201501024-201501031-travelling_salesman_problem-dp/logs/travelling_salesman_problem_dp.logs
INFO:__main__:Running the Command : /home/201501031/TSP_DP/all_codes/201501024-201501031-travelling_salesman_problem-dp/parr 10 7 /home/201501031/TSP_DP/all_input/travelling_salesman_problem_10_input.txt >> /home/201501031/TSP_DP/all_codes/201501024-201501031-travelling_salesman_problem-dp/logs/travelling_salesman_problem_dp.logs
INFO:__main__:Running the Command : /home/201501031/TSP_DP/all_codes/201501024-201501031-travelling_salesman_problem-dp/parr 11 7 /home/201501031/TSP_DP/all_input/travelling_salesman_problem_11_input.txt >> /home/201501031/TSP_DP/all_codes/201501024-201501031-travelling_salesman_problem-dp/logs/travelling_salesman_problem_dp.logs
INFO:__main__:Running the Command : /home/201501031/TSP_DP/all_codes/201501024-201501031-travelling_salesman_problem-dp/parr 12 7 /home/201501031/TSP_DP/all_input/travelling_salesman_problem_12_input.txt >> /home/201501031/TSP_DP/all_codes/201501024-201501031-travelling_salesman_problem-dp/logs/travelling_salesman_problem_dp.logs
INFO:__main__:Running the Command : /home/201501031/TSP_DP/all_codes/201501024-201501031-travelling_salesman_problem-dp/parr 13 7 /home/201501031/TSP_DP/all_input/travelling_salesman_problem_13_input.txt >> /home/201501031/TSP_DP/all_codes/201501024-201501031-travelling_salesman_problem-dp/logs/travelling_salesman_problem_dp.logs
INFO:__main__:Running the parallel code with 8 processors
INFO:__main__:Running the Command : /home/201501031/TSP_DP/all_codes/201501024-201501031-travelling_salesman_problem-dp/parr 9 8 /home/201501031/TSP_DP/all_input/travelling_salesman_problem_9_input.txt >> /home/201501031/TSP_DP/all_codes/201501024-201501031-travelling_salesman_problem-dp/logs/travelling_salesman_problem_dp.logs
INFO:__main__:Running the Command : /home/201501031/TSP_DP/all_codes/201501024-201501031-travelling_salesman_problem-dp/parr 10 8 /home/201501031/TSP_DP/all_input/travelling_salesman_problem_10_input.txt >> /home/201501031/TSP_DP/all_codes/201501024-201501031-travelling_salesman_problem-dp/logs/travelling_salesman_problem_dp.logs
INFO:__main__:Running the Command : /home/201501031/TSP_DP/all_codes/201501024-201501031-travelling_salesman_problem-dp/parr 11 8 /home/201501031/TSP_DP/all_input/travelling_salesman_problem_11_input.txt >> /home/201501031/TSP_DP/all_codes/201501024-201501031-travelling_salesman_problem-dp/logs/travelling_salesman_problem_dp.logs
INFO:__main__:Running the Command : /home/201501031/TSP_DP/all_codes/201501024-201501031-travelling_salesman_problem-dp/parr 12 8 /home/201501031/TSP_DP/all_input/travelling_salesman_problem_12_input.txt >> /home/201501031/TSP_DP/all_codes/201501024-201501031-travelling_salesman_problem-dp/logs/travelling_salesman_problem_dp.logs
INFO:__main__:Running the Command : /home/201501031/TSP_DP/all_codes/201501024-201501031-travelling_salesman_problem-dp/parr 13 8 /home/201501031/TSP_DP/all_input/travelling_salesman_problem_13_input.txt >> /home/201501031/TSP_DP/all_codes/201501024-201501031-travelling_salesman_problem-dp/logs/travelling_salesman_problem_dp.logs
INFO:__main__:Started running the serial code for run_id = 3
INFO:__main__:Running the Command : /home/201501031/TSP_DP/all_codes/201501024-201501031-travelling_salesman_problem-dp/ser 9 0 < ../../TC9.txt >> /home/201501031/TSP_DP/all_codes/201501024-201501031-travelling_salesman_problem-dp/logs/travelling_salesman_problem_dp.logs
INFO:__main__:Running the Command : /home/201501031/TSP_DP/all_codes/201501024-201501031-travelling_salesman_problem-dp/ser 10 0 < ../../TC10.txt >> /home/201501031/TSP_DP/all_codes/201501024-201501031-travelling_salesman_problem-dp/logs/travelling_salesman_problem_dp.logs
INFO:__main__:Running the Command : /home/201501031/TSP_DP/all_codes/201501024-201501031-travelling_salesman_problem-dp/ser 11 0 < ../../TC11.txt >> /home/201501031/TSP_DP/all_codes/201501024-201501031-travelling_salesman_problem-dp/logs/travelling_salesman_problem_dp.logs
INFO:__main__:Running the Command : /home/201501031/TSP_DP/all_codes/201501024-201501031-travelling_salesman_problem-dp/ser 12 0 < ../../TC12.txt >> /home/201501031/TSP_DP/all_codes/201501024-201501031-travelling_salesman_problem-dp/logs/travelling_salesman_problem_dp.logs
INFO:__main__:Running the Command : /home/201501031/TSP_DP/all_codes/201501024-201501031-travelling_salesman_problem-dp/ser 13 0 < ../../TC13.txt >> /home/201501031/TSP_DP/all_codes/201501024-201501031-travelling_salesman_problem-dp/logs/travelling_salesman_problem_dp.logs
INFO:__main__:Running the parallel code with 1 processors
INFO:__main__:Running the Command : /home/201501031/TSP_DP/all_codes/201501024-201501031-travelling_salesman_problem-dp/parr 9 1 /home/201501031/TSP_DP/all_input/travelling_salesman_problem_9_input.txt >> /home/201501031/TSP_DP/all_codes/201501024-201501031-travelling_salesman_problem-dp/logs/travelling_salesman_problem_dp.logs
INFO:__main__:Running the Command : /home/201501031/TSP_DP/all_codes/201501024-201501031-travelling_salesman_problem-dp/parr 10 1 /home/201501031/TSP_DP/all_input/travelling_salesman_problem_10_input.txt >> /home/201501031/TSP_DP/all_codes/201501024-201501031-travelling_salesman_problem-dp/logs/travelling_salesman_problem_dp.logs
INFO:__main__:Running the Command : /home/201501031/TSP_DP/all_codes/201501024-201501031-travelling_salesman_problem-dp/parr 11 1 /home/201501031/TSP_DP/all_input/travelling_salesman_problem_11_input.txt >> /home/201501031/TSP_DP/all_codes/201501024-201501031-travelling_salesman_problem-dp/logs/travelling_salesman_problem_dp.logs
INFO:__main__:Running the Command : /home/201501031/TSP_DP/all_codes/201501024-201501031-travelling_salesman_problem-dp/parr 12 1 /home/201501031/TSP_DP/all_input/travelling_salesman_problem_12_input.txt >> /home/201501031/TSP_DP/all_codes/201501024-201501031-travelling_salesman_problem-dp/logs/travelling_salesman_problem_dp.logs
INFO:__main__:Running the Command : /home/201501031/TSP_DP/all_codes/201501024-201501031-travelling_salesman_problem-dp/parr 13 1 /home/201501031/TSP_DP/all_input/travelling_salesman_problem_13_input.txt >> /home/201501031/TSP_DP/all_codes/201501024-201501031-travelling_salesman_problem-dp/logs/travelling_salesman_problem_dp.logs
INFO:__main__:Running the parallel code with 2 processors
INFO:__main__:Running the Command : /home/201501031/TSP_DP/all_codes/201501024-201501031-travelling_salesman_problem-dp/parr 9 2 /home/201501031/TSP_DP/all_input/travelling_salesman_problem_9_input.txt >> /home/201501031/TSP_DP/all_codes/201501024-201501031-travelling_salesman_problem-dp/logs/travelling_salesman_problem_dp.logs
INFO:__main__:Running the Command : /home/201501031/TSP_DP/all_codes/201501024-201501031-travelling_salesman_problem-dp/parr 10 2 /home/201501031/TSP_DP/all_input/travelling_salesman_problem_10_input.txt >> /home/201501031/TSP_DP/all_codes/201501024-201501031-travelling_salesman_problem-dp/logs/travelling_salesman_problem_dp.logs
INFO:__main__:Running the Command : /home/201501031/TSP_DP/all_codes/201501024-201501031-travelling_salesman_problem-dp/parr 11 2 /home/201501031/TSP_DP/all_input/travelling_salesman_problem_11_input.txt >> /home/201501031/TSP_DP/all_codes/201501024-201501031-travelling_salesman_problem-dp/logs/travelling_salesman_problem_dp.logs
INFO:__main__:Running the Command : /home/201501031/TSP_DP/all_codes/201501024-201501031-travelling_salesman_problem-dp/parr 12 2 /home/201501031/TSP_DP/all_input/travelling_salesman_problem_12_input.txt >> /home/201501031/TSP_DP/all_codes/201501024-201501031-travelling_salesman_problem-dp/logs/travelling_salesman_problem_dp.logs
INFO:__main__:Running the Command : /home/201501031/TSP_DP/all_codes/201501024-201501031-travelling_salesman_problem-dp/parr 13 2 /home/201501031/TSP_DP/all_input/travelling_salesman_problem_13_input.txt >> /home/201501031/TSP_DP/all_codes/201501024-201501031-travelling_salesman_problem-dp/logs/travelling_salesman_problem_dp.logs
INFO:__main__:Running the parallel code with 3 processors
INFO:__main__:Running the Command : /home/201501031/TSP_DP/all_codes/201501024-201501031-travelling_salesman_problem-dp/parr 9 3 /home/201501031/TSP_DP/all_input/travelling_salesman_problem_9_input.txt >> /home/201501031/TSP_DP/all_codes/201501024-201501031-travelling_salesman_problem-dp/logs/travelling_salesman_problem_dp.logs
INFO:__main__:Running the Command : /home/201501031/TSP_DP/all_codes/201501024-201501031-travelling_salesman_problem-dp/parr 10 3 /home/201501031/TSP_DP/all_input/travelling_salesman_problem_10_input.txt >> /home/201501031/TSP_DP/all_codes/201501024-201501031-travelling_salesman_problem-dp/logs/travelling_salesman_problem_dp.logs
INFO:__main__:Running the Command : /home/201501031/TSP_DP/all_codes/201501024-201501031-travelling_salesman_problem-dp/parr 11 3 /home/201501031/TSP_DP/all_input/travelling_salesman_problem_11_input.txt >> /home/201501031/TSP_DP/all_codes/201501024-201501031-travelling_salesman_problem-dp/logs/travelling_salesman_problem_dp.logs
INFO:__main__:Running the Command : /home/201501031/TSP_DP/all_codes/201501024-201501031-travelling_salesman_problem-dp/parr 12 3 /home/201501031/TSP_DP/all_input/travelling_salesman_problem_12_input.txt >> /home/201501031/TSP_DP/all_codes/201501024-201501031-travelling_salesman_problem-dp/logs/travelling_salesman_problem_dp.logs
INFO:__main__:Running the Command : /home/201501031/TSP_DP/all_codes/201501024-201501031-travelling_salesman_problem-dp/parr 13 3 /home/201501031/TSP_DP/all_input/travelling_salesman_problem_13_input.txt >> /home/201501031/TSP_DP/all_codes/201501024-201501031-travelling_salesman_problem-dp/logs/travelling_salesman_problem_dp.logs
INFO:__main__:Running the parallel code with 4 processors
INFO:__main__:Running the Command : /home/201501031/TSP_DP/all_codes/201501024-201501031-travelling_salesman_problem-dp/parr 9 4 /home/201501031/TSP_DP/all_input/travelling_salesman_problem_9_input.txt >> /home/201501031/TSP_DP/all_codes/201501024-201501031-travelling_salesman_problem-dp/logs/travelling_salesman_problem_dp.logs
INFO:__main__:Running the Command : /home/201501031/TSP_DP/all_codes/201501024-201501031-travelling_salesman_problem-dp/parr 10 4 /home/201501031/TSP_DP/all_input/travelling_salesman_problem_10_input.txt >> /home/201501031/TSP_DP/all_codes/201501024-201501031-travelling_salesman_problem-dp/logs/travelling_salesman_problem_dp.logs
INFO:__main__:Running the Command : /home/201501031/TSP_DP/all_codes/201501024-201501031-travelling_salesman_problem-dp/parr 11 4 /home/201501031/TSP_DP/all_input/travelling_salesman_problem_11_input.txt >> /home/201501031/TSP_DP/all_codes/201501024-201501031-travelling_salesman_problem-dp/logs/travelling_salesman_problem_dp.logs
INFO:__main__:Running the Command : /home/201501031/TSP_DP/all_codes/201501024-201501031-travelling_salesman_problem-dp/parr 12 4 /home/201501031/TSP_DP/all_input/travelling_salesman_problem_12_input.txt >> /home/201501031/TSP_DP/all_codes/201501024-201501031-travelling_salesman_problem-dp/logs/travelling_salesman_problem_dp.logs
INFO:__main__:Running the Command : /home/201501031/TSP_DP/all_codes/201501024-201501031-travelling_salesman_problem-dp/parr 13 4 /home/201501031/TSP_DP/all_input/travelling_salesman_problem_13_input.txt >> /home/201501031/TSP_DP/all_codes/201501024-201501031-travelling_salesman_problem-dp/logs/travelling_salesman_problem_dp.logs
INFO:__main__:Running the parallel code with 5 processors
INFO:__main__:Running the Command : /home/201501031/TSP_DP/all_codes/201501024-201501031-travelling_salesman_problem-dp/parr 9 5 /home/201501031/TSP_DP/all_input/travelling_salesman_problem_9_input.txt >> /home/201501031/TSP_DP/all_codes/201501024-201501031-travelling_salesman_problem-dp/logs/travelling_salesman_problem_dp.logs
INFO:__main__:Running the Command : /home/201501031/TSP_DP/all_codes/201501024-201501031-travelling_salesman_problem-dp/parr 10 5 /home/201501031/TSP_DP/all_input/travelling_salesman_problem_10_input.txt >> /home/201501031/TSP_DP/all_codes/201501024-201501031-travelling_salesman_problem-dp/logs/travelling_salesman_problem_dp.logs
INFO:__main__:Running the Command : /home/201501031/TSP_DP/all_codes/201501024-201501031-travelling_salesman_problem-dp/parr 11 5 /home/201501031/TSP_DP/all_input/travelling_salesman_problem_11_input.txt >> /home/201501031/TSP_DP/all_codes/201501024-201501031-travelling_salesman_problem-dp/logs/travelling_salesman_problem_dp.logs
INFO:__main__:Running the Command : /home/201501031/TSP_DP/all_codes/201501024-201501031-travelling_salesman_problem-dp/parr 12 5 /home/201501031/TSP_DP/all_input/travelling_salesman_problem_12_input.txt >> /home/201501031/TSP_DP/all_codes/201501024-201501031-travelling_salesman_problem-dp/logs/travelling_salesman_problem_dp.logs
INFO:__main__:Running the Command : /home/201501031/TSP_DP/all_codes/201501024-201501031-travelling_salesman_problem-dp/parr 13 5 /home/201501031/TSP_DP/all_input/travelling_salesman_problem_13_input.txt >> /home/201501031/TSP_DP/all_codes/201501024-201501031-travelling_salesman_problem-dp/logs/travelling_salesman_problem_dp.logs
INFO:__main__:Running the parallel code with 6 processors
INFO:__main__:Running the Command : /home/201501031/TSP_DP/all_codes/201501024-201501031-travelling_salesman_problem-dp/parr 9 6 /home/201501031/TSP_DP/all_input/travelling_salesman_problem_9_input.txt >> /home/201501031/TSP_DP/all_codes/201501024-201501031-travelling_salesman_problem-dp/logs/travelling_salesman_problem_dp.logs
INFO:__main__:Running the Command : /home/201501031/TSP_DP/all_codes/201501024-201501031-travelling_salesman_problem-dp/parr 10 6 /home/201501031/TSP_DP/all_input/travelling_salesman_problem_10_input.txt >> /home/201501031/TSP_DP/all_codes/201501024-201501031-travelling_salesman_problem-dp/logs/travelling_salesman_problem_dp.logs
INFO:__main__:Running the Command : /home/201501031/TSP_DP/all_codes/201501024-201501031-travelling_salesman_problem-dp/parr 11 6 /home/201501031/TSP_DP/all_input/travelling_salesman_problem_11_input.txt >> /home/201501031/TSP_DP/all_codes/201501024-201501031-travelling_salesman_problem-dp/logs/travelling_salesman_problem_dp.logs
INFO:__main__:Running the Command : /home/201501031/TSP_DP/all_codes/201501024-201501031-travelling_salesman_problem-dp/parr 12 6 /home/201501031/TSP_DP/all_input/travelling_salesman_problem_12_input.txt >> /home/201501031/TSP_DP/all_codes/201501024-201501031-travelling_salesman_problem-dp/logs/travelling_salesman_problem_dp.logs
INFO:__main__:Running the Command : /home/201501031/TSP_DP/all_codes/201501024-201501031-travelling_salesman_problem-dp/parr 13 6 /home/201501031/TSP_DP/all_input/travelling_salesman_problem_13_input.txt >> /home/201501031/TSP_DP/all_codes/201501024-201501031-travelling_salesman_problem-dp/logs/travelling_salesman_problem_dp.logs
INFO:__main__:Running the parallel code with 7 processors
INFO:__main__:Running the Command : /home/201501031/TSP_DP/all_codes/201501024-201501031-travelling_salesman_problem-dp/parr 9 7 /home/201501031/TSP_DP/all_input/travelling_salesman_problem_9_input.txt >> /home/201501031/TSP_DP/all_codes/201501024-201501031-travelling_salesman_problem-dp/logs/travelling_salesman_problem_dp.logs
INFO:__main__:Running the Command : /home/201501031/TSP_DP/all_codes/201501024-201501031-travelling_salesman_problem-dp/parr 10 7 /home/201501031/TSP_DP/all_input/travelling_salesman_problem_10_input.txt >> /home/201501031/TSP_DP/all_codes/201501024-201501031-travelling_salesman_problem-dp/logs/travelling_salesman_problem_dp.logs
INFO:__main__:Running the Command : /home/201501031/TSP_DP/all_codes/201501024-201501031-travelling_salesman_problem-dp/parr 11 7 /home/201501031/TSP_DP/all_input/travelling_salesman_problem_11_input.txt >> /home/201501031/TSP_DP/all_codes/201501024-201501031-travelling_salesman_problem-dp/logs/travelling_salesman_problem_dp.logs
INFO:__main__:Running the Command : /home/201501031/TSP_DP/all_codes/201501024-201501031-travelling_salesman_problem-dp/parr 12 7 /home/201501031/TSP_DP/all_input/travelling_salesman_problem_12_input.txt >> /home/201501031/TSP_DP/all_codes/201501024-201501031-travelling_salesman_problem-dp/logs/travelling_salesman_problem_dp.logs
INFO:__main__:Running the Command : /home/201501031/TSP_DP/all_codes/201501024-201501031-travelling_salesman_problem-dp/parr 13 7 /home/201501031/TSP_DP/all_input/travelling_salesman_problem_13_input.txt >> /home/201501031/TSP_DP/all_codes/201501024-201501031-travelling_salesman_problem-dp/logs/travelling_salesman_problem_dp.logs
INFO:__main__:Running the parallel code with 8 processors
INFO:__main__:Running the Command : /home/201501031/TSP_DP/all_codes/201501024-201501031-travelling_salesman_problem-dp/parr 9 8 /home/201501031/TSP_DP/all_input/travelling_salesman_problem_9_input.txt >> /home/201501031/TSP_DP/all_codes/201501024-201501031-travelling_salesman_problem-dp/logs/travelling_salesman_problem_dp.logs
INFO:__main__:Running the Command : /home/201501031/TSP_DP/all_codes/201501024-201501031-travelling_salesman_problem-dp/parr 10 8 /home/201501031/TSP_DP/all_input/travelling_salesman_problem_10_input.txt >> /home/201501031/TSP_DP/all_codes/201501024-201501031-travelling_salesman_problem-dp/logs/travelling_salesman_problem_dp.logs
INFO:__main__:Running the Command : /home/201501031/TSP_DP/all_codes/201501024-201501031-travelling_salesman_problem-dp/parr 11 8 /home/201501031/TSP_DP/all_input/travelling_salesman_problem_11_input.txt >> /home/201501031/TSP_DP/all_codes/201501024-201501031-travelling_salesman_problem-dp/logs/travelling_salesman_problem_dp.logs
INFO:__main__:Running the Command : /home/201501031/TSP_DP/all_codes/201501024-201501031-travelling_salesman_problem-dp/parr 12 8 /home/201501031/TSP_DP/all_input/travelling_salesman_problem_12_input.txt >> /home/201501031/TSP_DP/all_codes/201501024-201501031-travelling_salesman_problem-dp/logs/travelling_salesman_problem_dp.logs
INFO:__main__:Running the Command : /home/201501031/TSP_DP/all_codes/201501024-201501031-travelling_salesman_problem-dp/parr 13 8 /home/201501031/TSP_DP/all_input/travelling_salesman_problem_13_input.txt >> /home/201501031/TSP_DP/all_codes/201501024-201501031-travelling_salesman_problem-dp/logs/travelling_salesman_problem_dp.logs
INFO:__main__:Started running the serial code for run_id = 4
INFO:__main__:Running the Command : /home/201501031/TSP_DP/all_codes/201501024-201501031-travelling_salesman_problem-dp/ser 9 0 < ../../TC9.txt >> /home/201501031/TSP_DP/all_codes/201501024-201501031-travelling_salesman_problem-dp/logs/travelling_salesman_problem_dp.logs
INFO:__main__:Running the Command : /home/201501031/TSP_DP/all_codes/201501024-201501031-travelling_salesman_problem-dp/ser 10 0 < ../../TC10.txt >> /home/201501031/TSP_DP/all_codes/201501024-201501031-travelling_salesman_problem-dp/logs/travelling_salesman_problem_dp.logs
INFO:__main__:Running the Command : /home/201501031/TSP_DP/all_codes/201501024-201501031-travelling_salesman_problem-dp/ser 11 0 < ../../TC11.txt >> /home/201501031/TSP_DP/all_codes/201501024-201501031-travelling_salesman_problem-dp/logs/travelling_salesman_problem_dp.logs
INFO:__main__:Running the Command : /home/201501031/TSP_DP/all_codes/201501024-201501031-travelling_salesman_problem-dp/ser 12 0 < ../../TC12.txt >> /home/201501031/TSP_DP/all_codes/201501024-201501031-travelling_salesman_problem-dp/logs/travelling_salesman_problem_dp.logs
INFO:__main__:Running the Command : /home/201501031/TSP_DP/all_codes/201501024-201501031-travelling_salesman_problem-dp/ser 13 0 < ../../TC13.txt >> /home/201501031/TSP_DP/all_codes/201501024-201501031-travelling_salesman_problem-dp/logs/travelling_salesman_problem_dp.logs
INFO:__main__:Running the parallel code with 1 processors
INFO:__main__:Running the Command : /home/201501031/TSP_DP/all_codes/201501024-201501031-travelling_salesman_problem-dp/parr 9 1 /home/201501031/TSP_DP/all_input/travelling_salesman_problem_9_input.txt >> /home/201501031/TSP_DP/all_codes/201501024-201501031-travelling_salesman_problem-dp/logs/travelling_salesman_problem_dp.logs
INFO:__main__:Running the Command : /home/201501031/TSP_DP/all_codes/201501024-201501031-travelling_salesman_problem-dp/parr 10 1 /home/201501031/TSP_DP/all_input/travelling_salesman_problem_10_input.txt >> /home/201501031/TSP_DP/all_codes/201501024-201501031-travelling_salesman_problem-dp/logs/travelling_salesman_problem_dp.logs
INFO:__main__:Running the Command : /home/201501031/TSP_DP/all_codes/201501024-201501031-travelling_salesman_problem-dp/parr 11 1 /home/201501031/TSP_DP/all_input/travelling_salesman_problem_11_input.txt >> /home/201501031/TSP_DP/all_codes/201501024-201501031-travelling_salesman_problem-dp/logs/travelling_salesman_problem_dp.logs
INFO:__main__:Running the Command : /home/201501031/TSP_DP/all_codes/201501024-201501031-travelling_salesman_problem-dp/parr 12 1 /home/201501031/TSP_DP/all_input/travelling_salesman_problem_12_input.txt >> /home/201501031/TSP_DP/all_codes/201501024-201501031-travelling_salesman_problem-dp/logs/travelling_salesman_problem_dp.logs
INFO:__main__:Running the Command : /home/201501031/TSP_DP/all_codes/201501024-201501031-travelling_salesman_problem-dp/parr 13 1 /home/201501031/TSP_DP/all_input/travelling_salesman_problem_13_input.txt >> /home/201501031/TSP_DP/all_codes/201501024-201501031-travelling_salesman_problem-dp/logs/travelling_salesman_problem_dp.logs
INFO:__main__:Running the parallel code with 2 processors
INFO:__main__:Running the Command : /home/201501031/TSP_DP/all_codes/201501024-201501031-travelling_salesman_problem-dp/parr 9 2 /home/201501031/TSP_DP/all_input/travelling_salesman_problem_9_input.txt >> /home/201501031/TSP_DP/all_codes/201501024-201501031-travelling_salesman_problem-dp/logs/travelling_salesman_problem_dp.logs
INFO:__main__:Running the Command : /home/201501031/TSP_DP/all_codes/201501024-201501031-travelling_salesman_problem-dp/parr 10 2 /home/201501031/TSP_DP/all_input/travelling_salesman_problem_10_input.txt >> /home/201501031/TSP_DP/all_codes/201501024-201501031-travelling_salesman_problem-dp/logs/travelling_salesman_problem_dp.logs
INFO:__main__:Running the Command : /home/201501031/TSP_DP/all_codes/201501024-201501031-travelling_salesman_problem-dp/parr 11 2 /home/201501031/TSP_DP/all_input/travelling_salesman_problem_11_input.txt >> /home/201501031/TSP_DP/all_codes/201501024-201501031-travelling_salesman_problem-dp/logs/travelling_salesman_problem_dp.logs
INFO:__main__:Running the Command : /home/201501031/TSP_DP/all_codes/201501024-201501031-travelling_salesman_problem-dp/parr 12 2 /home/201501031/TSP_DP/all_input/travelling_salesman_problem_12_input.txt >> /home/201501031/TSP_DP/all_codes/201501024-201501031-travelling_salesman_problem-dp/logs/travelling_salesman_problem_dp.logs
INFO:__main__:Running the Command : /home/201501031/TSP_DP/all_codes/201501024-201501031-travelling_salesman_problem-dp/parr 13 2 /home/201501031/TSP_DP/all_input/travelling_salesman_problem_13_input.txt >> /home/201501031/TSP_DP/all_codes/201501024-201501031-travelling_salesman_problem-dp/logs/travelling_salesman_problem_dp.logs
INFO:__main__:Running the parallel code with 3 processors
INFO:__main__:Running the Command : /home/201501031/TSP_DP/all_codes/201501024-201501031-travelling_salesman_problem-dp/parr 9 3 /home/201501031/TSP_DP/all_input/travelling_salesman_problem_9_input.txt >> /home/201501031/TSP_DP/all_codes/201501024-201501031-travelling_salesman_problem-dp/logs/travelling_salesman_problem_dp.logs
INFO:__main__:Running the Command : /home/201501031/TSP_DP/all_codes/201501024-201501031-travelling_salesman_problem-dp/parr 10 3 /home/201501031/TSP_DP/all_input/travelling_salesman_problem_10_input.txt >> /home/201501031/TSP_DP/all_codes/201501024-201501031-travelling_salesman_problem-dp/logs/travelling_salesman_problem_dp.logs
INFO:__main__:Running the Command : /home/201501031/TSP_DP/all_codes/201501024-201501031-travelling_salesman_problem-dp/parr 11 3 /home/201501031/TSP_DP/all_input/travelling_salesman_problem_11_input.txt >> /home/201501031/TSP_DP/all_codes/201501024-201501031-travelling_salesman_problem-dp/logs/travelling_salesman_problem_dp.logs
INFO:__main__:Running the Command : /home/201501031/TSP_DP/all_codes/201501024-201501031-travelling_salesman_problem-dp/parr 12 3 /home/201501031/TSP_DP/all_input/travelling_salesman_problem_12_input.txt >> /home/201501031/TSP_DP/all_codes/201501024-201501031-travelling_salesman_problem-dp/logs/travelling_salesman_problem_dp.logs
INFO:__main__:Running the Command : /home/201501031/TSP_DP/all_codes/201501024-201501031-travelling_salesman_problem-dp/parr 13 3 /home/201501031/TSP_DP/all_input/travelling_salesman_problem_13_input.txt >> /home/201501031/TSP_DP/all_codes/201501024-201501031-travelling_salesman_problem-dp/logs/travelling_salesman_problem_dp.logs
INFO:__main__:Running the parallel code with 4 processors
INFO:__main__:Running the Command : /home/201501031/TSP_DP/all_codes/201501024-201501031-travelling_salesman_problem-dp/parr 9 4 /home/201501031/TSP_DP/all_input/travelling_salesman_problem_9_input.txt >> /home/201501031/TSP_DP/all_codes/201501024-201501031-travelling_salesman_problem-dp/logs/travelling_salesman_problem_dp.logs
INFO:__main__:Running the Command : /home/201501031/TSP_DP/all_codes/201501024-201501031-travelling_salesman_problem-dp/parr 10 4 /home/201501031/TSP_DP/all_input/travelling_salesman_problem_10_input.txt >> /home/201501031/TSP_DP/all_codes/201501024-201501031-travelling_salesman_problem-dp/logs/travelling_salesman_problem_dp.logs
INFO:__main__:Running the Command : /home/201501031/TSP_DP/all_codes/201501024-201501031-travelling_salesman_problem-dp/parr 11 4 /home/201501031/TSP_DP/all_input/travelling_salesman_problem_11_input.txt >> /home/201501031/TSP_DP/all_codes/201501024-201501031-travelling_salesman_problem-dp/logs/travelling_salesman_problem_dp.logs
INFO:__main__:Running the Command : /home/201501031/TSP_DP/all_codes/201501024-201501031-travelling_salesman_problem-dp/parr 12 4 /home/201501031/TSP_DP/all_input/travelling_salesman_problem_12_input.txt >> /home/201501031/TSP_DP/all_codes/201501024-201501031-travelling_salesman_problem-dp/logs/travelling_salesman_problem_dp.logs
INFO:__main__:Running the Command : /home/201501031/TSP_DP/all_codes/201501024-201501031-travelling_salesman_problem-dp/parr 13 4 /home/201501031/TSP_DP/all_input/travelling_salesman_problem_13_input.txt >> /home/201501031/TSP_DP/all_codes/201501024-201501031-travelling_salesman_problem-dp/logs/travelling_salesman_problem_dp.logs
INFO:__main__:Running the parallel code with 5 processors
INFO:__main__:Running the Command : /home/201501031/TSP_DP/all_codes/201501024-201501031-travelling_salesman_problem-dp/parr 9 5 /home/201501031/TSP_DP/all_input/travelling_salesman_problem_9_input.txt >> /home/201501031/TSP_DP/all_codes/201501024-201501031-travelling_salesman_problem-dp/logs/travelling_salesman_problem_dp.logs
INFO:__main__:Running the Command : /home/201501031/TSP_DP/all_codes/201501024-201501031-travelling_salesman_problem-dp/parr 10 5 /home/201501031/TSP_DP/all_input/travelling_salesman_problem_10_input.txt >> /home/201501031/TSP_DP/all_codes/201501024-201501031-travelling_salesman_problem-dp/logs/travelling_salesman_problem_dp.logs
INFO:__main__:Running the Command : /home/201501031/TSP_DP/all_codes/201501024-201501031-travelling_salesman_problem-dp/parr 11 5 /home/201501031/TSP_DP/all_input/travelling_salesman_problem_11_input.txt >> /home/201501031/TSP_DP/all_codes/201501024-201501031-travelling_salesman_problem-dp/logs/travelling_salesman_problem_dp.logs
INFO:__main__:Running the Command : /home/201501031/TSP_DP/all_codes/201501024-201501031-travelling_salesman_problem-dp/parr 12 5 /home/201501031/TSP_DP/all_input/travelling_salesman_problem_12_input.txt >> /home/201501031/TSP_DP/all_codes/201501024-201501031-travelling_salesman_problem-dp/logs/travelling_salesman_problem_dp.logs
INFO:__main__:Running the Command : /home/201501031/TSP_DP/all_codes/201501024-201501031-travelling_salesman_problem-dp/parr 13 5 /home/201501031/TSP_DP/all_input/travelling_salesman_problem_13_input.txt >> /home/201501031/TSP_DP/all_codes/201501024-201501031-travelling_salesman_problem-dp/logs/travelling_salesman_problem_dp.logs
INFO:__main__:Running the parallel code with 6 processors
INFO:__main__:Running the Command : /home/201501031/TSP_DP/all_codes/201501024-201501031-travelling_salesman_problem-dp/parr 9 6 /home/201501031/TSP_DP/all_input/travelling_salesman_problem_9_input.txt >> /home/201501031/TSP_DP/all_codes/201501024-201501031-travelling_salesman_problem-dp/logs/travelling_salesman_problem_dp.logs
INFO:__main__:Running the Command : /home/201501031/TSP_DP/all_codes/201501024-201501031-travelling_salesman_problem-dp/parr 10 6 /home/201501031/TSP_DP/all_input/travelling_salesman_problem_10_input.txt >> /home/201501031/TSP_DP/all_codes/201501024-201501031-travelling_salesman_problem-dp/logs/travelling_salesman_problem_dp.logs
INFO:__main__:Running the Command : /home/201501031/TSP_DP/all_codes/201501024-201501031-travelling_salesman_problem-dp/parr 11 6 /home/201501031/TSP_DP/all_input/travelling_salesman_problem_11_input.txt >> /home/201501031/TSP_DP/all_codes/201501024-201501031-travelling_salesman_problem-dp/logs/travelling_salesman_problem_dp.logs
INFO:__main__:Running the Command : /home/201501031/TSP_DP/all_codes/201501024-201501031-travelling_salesman_problem-dp/parr 12 6 /home/201501031/TSP_DP/all_input/travelling_salesman_problem_12_input.txt >> /home/201501031/TSP_DP/all_codes/201501024-201501031-travelling_salesman_problem-dp/logs/travelling_salesman_problem_dp.logs
INFO:__main__:Running the Command : /home/201501031/TSP_DP/all_codes/201501024-201501031-travelling_salesman_problem-dp/parr 13 6 /home/201501031/TSP_DP/all_input/travelling_salesman_problem_13_input.txt >> /home/201501031/TSP_DP/all_codes/201501024-201501031-travelling_salesman_problem-dp/logs/travelling_salesman_problem_dp.logs
INFO:__main__:Running the parallel code with 7 processors
INFO:__main__:Running the Command : /home/201501031/TSP_DP/all_codes/201501024-201501031-travelling_salesman_problem-dp/parr 9 7 /home/201501031/TSP_DP/all_input/travelling_salesman_problem_9_input.txt >> /home/201501031/TSP_DP/all_codes/201501024-201501031-travelling_salesman_problem-dp/logs/travelling_salesman_problem_dp.logs
INFO:__main__:Running the Command : /home/201501031/TSP_DP/all_codes/201501024-201501031-travelling_salesman_problem-dp/parr 10 7 /home/201501031/TSP_DP/all_input/travelling_salesman_problem_10_input.txt >> /home/201501031/TSP_DP/all_codes/201501024-201501031-travelling_salesman_problem-dp/logs/travelling_salesman_problem_dp.logs
INFO:__main__:Running the Command : /home/201501031/TSP_DP/all_codes/201501024-201501031-travelling_salesman_problem-dp/parr 11 7 /home/201501031/TSP_DP/all_input/travelling_salesman_problem_11_input.txt >> /home/201501031/TSP_DP/all_codes/201501024-201501031-travelling_salesman_problem-dp/logs/travelling_salesman_problem_dp.logs
INFO:__main__:Running the Command : /home/201501031/TSP_DP/all_codes/201501024-201501031-travelling_salesman_problem-dp/parr 12 7 /home/201501031/TSP_DP/all_input/travelling_salesman_problem_12_input.txt >> /home/201501031/TSP_DP/all_codes/201501024-201501031-travelling_salesman_problem-dp/logs/travelling_salesman_problem_dp.logs
INFO:__main__:Running the Command : /home/201501031/TSP_DP/all_codes/201501024-201501031-travelling_salesman_problem-dp/parr 13 7 /home/201501031/TSP_DP/all_input/travelling_salesman_problem_13_input.txt >> /home/201501031/TSP_DP/all_codes/201501024-201501031-travelling_salesman_problem-dp/logs/travelling_salesman_problem_dp.logs
INFO:__main__:Running the parallel code with 8 processors
INFO:__main__:Running the Command : /home/201501031/TSP_DP/all_codes/201501024-201501031-travelling_salesman_problem-dp/parr 9 8 /home/201501031/TSP_DP/all_input/travelling_salesman_problem_9_input.txt >> /home/201501031/TSP_DP/all_codes/201501024-201501031-travelling_salesman_problem-dp/logs/travelling_salesman_problem_dp.logs
INFO:__main__:Running the Command : /home/201501031/TSP_DP/all_codes/201501024-201501031-travelling_salesman_problem-dp/parr 10 8 /home/201501031/TSP_DP/all_input/travelling_salesman_problem_10_input.txt >> /home/201501031/TSP_DP/all_codes/201501024-201501031-travelling_salesman_problem-dp/logs/travelling_salesman_problem_dp.logs
INFO:__main__:Running the Command : /home/201501031/TSP_DP/all_codes/201501024-201501031-travelling_salesman_problem-dp/parr 11 8 /home/201501031/TSP_DP/all_input/travelling_salesman_problem_11_input.txt >> /home/201501031/TSP_DP/all_codes/201501024-201501031-travelling_salesman_problem-dp/logs/travelling_salesman_problem_dp.logs
INFO:__main__:Running the Command : /home/201501031/TSP_DP/all_codes/201501024-201501031-travelling_salesman_problem-dp/parr 12 8 /home/201501031/TSP_DP/all_input/travelling_salesman_problem_12_input.txt >> /home/201501031/TSP_DP/all_codes/201501024-201501031-travelling_salesman_problem-dp/logs/travelling_salesman_problem_dp.logs
INFO:__main__:Running the Command : /home/201501031/TSP_DP/all_codes/201501024-201501031-travelling_salesman_problem-dp/parr 13 8 /home/201501031/TSP_DP/all_input/travelling_salesman_problem_13_input.txt >> /home/201501031/TSP_DP/all_codes/201501024-201501031-travelling_salesman_problem-dp/logs/travelling_salesman_problem_dp.logs
